Using pre-set license
Built from '2021.1/staging' branch; Version is '2021.1.13f1 (a03098edbbe0) revision 10498200'; Using compiler version '192528614'; Build Type 'Release'
OS: 'Windows 10 Home; OS build 19042.1110; Version 2009; 64bit' Language: 'en' Physical Memory: 32635 MB
BatchMode: 1, IsHumanControllingUs: 0, StartBugReporterOnCrash: 0, Is64bit: 1, IsPro: 0

 COMMAND LINE ARGUMENTS:
C:\Program Files\Unity\Hub\Editor\2021.1.13f1\Editor\Unity.exe
-adb2
-batchMode
-noUpm
-name
AssetImportWorker0
-projectPath
C:/Users/emre_/Desktop/Github/UnityShaders
-logFile
Logs/AssetImportWorker0.log
-srvPort
62078
Successfully changed project path to: C:/Users/emre_/Desktop/Github/UnityShaders
C:/Users/emre_/Desktop/Github/UnityShaders
Using Asset Import Pipeline V2.
Refreshing native plugins compatible for Editor in 68.99 ms, found 3 plugins.
Preloading 0 native plugins for Editor in 0.00 ms.
Initialize engine version: 2021.1.13f1 (a03098edbbe0)
[Subsystems] Discovering subsystems at path C:/Program Files/Unity/Hub/Editor/2021.1.13f1/Editor/Data/Resources/UnitySubsystems
[Subsystems] Discovering subsystems at path C:/Users/emre_/Desktop/Github/UnityShaders/Assets
GfxDevice: creating device client; threaded=0; jobified=0
Direct3D:
    Version:  Direct3D 11.0 [level 11.1]
    Renderer: NVIDIA GeForce RTX 2070 Super (ID=0x1e91)
    Vendor:   NVIDIA
    VRAM:     8011 MB
    Driver:   26.21.14.4223
Initialize mono
Mono path[0] = 'C:/Program Files/Unity/Hub/Editor/2021.1.13f1/Editor/Data/Managed'
Mono path[1] = 'C:/Program Files/Unity/Hub/Editor/2021.1.13f1/Editor/Data/MonoBleedingEdge/lib/mono/unityjit'
Mono config path = 'C:/Program Files/Unity/Hub/Editor/2021.1.13f1/Editor/Data/MonoBleedingEdge/etc'
Using monoOptions --debugger-agent=transport=dt_socket,embedding=1,server=y,suspend=n,address=127.0.0.1:56008
Begin MonoManager ReloadAssembly
Registering precompiled unity dll's ...
Register platform support module: C:/Program Files/Unity/Hub/Editor/2021.1.13f1/Editor/Data/PlaybackEngines/WindowsStandaloneSupport/UnityEditor.WindowsStandalone.Extensions.dll
Registered in 0.001396 seconds.
Native extension for WindowsStandalone target not found
Refreshing native plugins compatible for Editor in 67.42 ms, found 3 plugins.
Preloading 0 native plugins for Editor in 0.00 ms.
Mono: successfully reloaded assembly
- Completed reload, in  0.964 seconds
Domain Reload Profiling:
	ReloadAssembly (964ms)
		BeginReloadAssembly (45ms)
			ExecutionOrderSort (0ms)
			DisableScriptedObjects (0ms)
			BackupInstance (0ms)
			ReleaseScriptingObjects (0ms)
			CreateAndSetChildDomain (1ms)
		EndReloadAssembly (404ms)
			LoadAssemblies (43ms)
			RebuildTransferFunctionScriptingTraits (0ms)
			SetupTypeCache (148ms)
			ReleaseScriptCaches (0ms)
			RebuildScriptCaches (27ms)
			SetupLoadedEditorAssemblies (190ms)
				LogAssemblyErrors (0ms)
				InitializePlatformSupportModulesInManaged (5ms)
				SetLoadedEditorAssemblies (0ms)
				RefreshPlugins (67ms)
				BeforeProcessingInitializeOnLoad (1ms)
				ProcessInitializeOnLoadAttributes (87ms)
				ProcessInitializeOnLoadMethodAttributes (28ms)
				AfterProcessingInitializeOnLoad (0ms)
				EditorAssembliesLoaded (0ms)
			ExecutionOrderSort2 (0ms)
			AwakeInstancesAfterBackupRestoration (0ms)
Platform modules already initialized, skipping
Registering precompiled user dll's ...
Registered in 0.004225 seconds.
Begin MonoManager ReloadAssembly
Symbol file LoadedFromMemory doesn't match image C:\Users\emre_\Desktop\Github\UnityShaders\Library\PackageCache\com.unity.visualscripting@1.6.1\Editor\VisualScripting.Core\Dependencies\YamlDotNet\Unity.VisualScripting.YamlDotNet.dll
Symbol file LoadedFromMemory doesn't match image C:\Users\emre_\Desktop\Github\UnityShaders\Library\PackageCache\com.unity.visualscripting@1.6.1\Editor\VisualScripting.Core\Dependencies\DotNetZip\Unity.VisualScripting.IonicZip.dll
Native extension for WindowsStandalone target not found
Refreshing native plugins compatible for Editor in 0.66 ms, found 3 plugins.
Preloading 0 native plugins for Editor in 0.00 ms.
Mono: successfully reloaded assembly
- Completed reload, in  0.988 seconds
Domain Reload Profiling:
	ReloadAssembly (988ms)
		BeginReloadAssembly (128ms)
			ExecutionOrderSort (0ms)
			DisableScriptedObjects (4ms)
			BackupInstance (0ms)
			ReleaseScriptingObjects (0ms)
			CreateAndSetChildDomain (17ms)
		EndReloadAssembly (810ms)
			LoadAssemblies (71ms)
			RebuildTransferFunctionScriptingTraits (0ms)
			SetupTypeCache (293ms)
			ReleaseScriptCaches (0ms)
			RebuildScriptCaches (39ms)
			SetupLoadedEditorAssemblies (304ms)
				LogAssemblyErrors (0ms)
				InitializePlatformSupportModulesInManaged (6ms)
				SetLoadedEditorAssemblies (1ms)
				RefreshPlugins (1ms)
				BeforeProcessingInitializeOnLoad (72ms)
				ProcessInitializeOnLoadAttributes (216ms)
				ProcessInitializeOnLoadMethodAttributes (5ms)
				AfterProcessingInitializeOnLoad (5ms)
				EditorAssembliesLoaded (0ms)
			ExecutionOrderSort2 (0ms)
			AwakeInstancesAfterBackupRestoration (6ms)
Platform modules already initialized, skipping
========================================================================
Worker process is ready to serve import requests
Launched and connected shader compiler UnityShaderCompiler.exe after 0.03 seconds
Refreshing native plugins compatible for Editor in 0.84 ms, found 3 plugins.
Preloading 0 native plugins for Editor in 0.00 ms.
Unloading 2948 Unused Serialized files (Serialized files now loaded: 0)
System memory in use before: 108.6 MB.
System memory in use after: 108.8 MB.

Unloading 23 unused Assets to reduce memory usage. Loaded Objects now: 3393.
Total: 2.769800 ms (FindLiveObjects: 0.274100 ms CreateObjectMapping: 0.157500 ms MarkObjects: 2.254600 ms  DeleteObjects: 0.082600 ms)

AssetImportParameters requested are different than current active one (requested -> active):
  custom:framework-win-MediaFoundation: 216162199b28c13a410421893ffa2e32 -> 
  custom:video-decoder-ogg-theora: a1e56fd34408186e4bbccfd4996cb3dc -> 
  custom:container-muxer-webm: aa71ff27fc2769a1b78a27578f13a17b -> 
  custom:container-demuxer-webm: 4f35f7cbe854078d1ac9338744f61a02 -> 
  custom:container-demuxer-ogg: 62fdf1f143b41e24485cea50d1cbac27 -> 
  custom:video-encoder-webm-vp8: eb34c28f22e8b96e1ab97ce403110664 -> 
  custom:video-decoder-webm-vp8: 9c59270c3fd7afecdb556c50c9e8de78 -> 
  custom:audio-decoder-ogg-vorbis: bf7c407c2cedff20999df2af8eb42d56 -> 
  custom:audio-encoder-webm-vorbis: bf7c407c2cedff20999df2af8eb42d56 -> 
========================================================================
Received Import Request.
  path: Assets/UVMoveShaders
  artifactKey: Guid(7823e21cb4fb32d43ba56922d09c5a8e) Importer(815301076,1909f56bfc062723c751e8b465ee728b)
Start importing Assets/UVMoveShaders using Guid(7823e21cb4fb32d43ba56922d09c5a8e) Importer(815301076,1909f56bfc062723c751e8b465ee728b)  -> (artifact id: '3def61906657e1ad4255308ea59f2c90') in 0.031273 seconds 
========================================================================
Received Import Request.
  Time since last request: 8.518952 seconds.
  path: Assets/UVMove
  artifactKey: Guid(7823e21cb4fb32d43ba56922d09c5a8e) Importer(815301076,1909f56bfc062723c751e8b465ee728b)
Start importing Assets/UVMove using Guid(7823e21cb4fb32d43ba56922d09c5a8e) Importer(815301076,1909f56bfc062723c751e8b465ee728b)  -> (artifact id: '3b416006c81afbab910af6d5b7834e0b') in 0.007911 seconds 
========================================================================
Received Import Request.
  Time since last request: 7.076725 seconds.
  path: Assets/Other
  artifactKey: Guid(ac49bcf925a612f46948056be7186b90) Importer(815301076,1909f56bfc062723c751e8b465ee728b)
Start importing Assets/Other using Guid(ac49bcf925a612f46948056be7186b90) Importer(815301076,1909f56bfc062723c751e8b465ee728b)  -> (artifact id: 'cc60182c23d5bd8c1ee100cc891b1cbe') in 0.025179 seconds 
========================================================================
Received Import Request.
  Time since last request: 5.362256 seconds.
  path: Assets/Water
  artifactKey: Guid(ac49bcf925a612f46948056be7186b90) Importer(815301076,1909f56bfc062723c751e8b465ee728b)
Start importing Assets/Water using Guid(ac49bcf925a612f46948056be7186b90) Importer(815301076,1909f56bfc062723c751e8b465ee728b)  -> (artifact id: 'c65797f1c648196eee02533c43f91f22') in 0.007967 seconds 
========================================================================
Received Import Request.
  Time since last request: 52.162243 seconds.
  path: Assets/Water/DirectionalFlow/DirectionalFlowSettings.lighting
  artifactKey: Guid(e1eb40be524c8f24aa52974ced8f2e1d) Importer(815301076,1909f56bfc062723c751e8b465ee728b)
Start importing Assets/Water/DirectionalFlow/DirectionalFlowSettings.lighting using Guid(e1eb40be524c8f24aa52974ced8f2e1d) Importer(815301076,1909f56bfc062723c751e8b465ee728b) LightingSettings: switching bake backend from 1 to 0.
 -> (artifact id: '1293932d080c231e6d11df870492733f') in 0.041061 seconds 
========================================================================
Received Import Request.
  Time since last request: 50.491706 seconds.
  path: Assets/Water/DistortionFlow/DistortionFlow.unity
  artifactKey: Guid(8502f42cddfa2ea4daa230769f5acd34) Importer(815301076,1909f56bfc062723c751e8b465ee728b)
Start importing Assets/Water/DistortionFlow/DistortionFlow.unity using Guid(8502f42cddfa2ea4daa230769f5acd34) Importer(815301076,1909f56bfc062723c751e8b465ee728b)  -> (artifact id: 'c60fcb8a8f43f808a8883e7e5c091d2c') in 0.011350 seconds 
